Added Component: Designator=C12(CAP: 0805)
Added Component: Designator=C13(CAP: 1210)
Added Component: Designator=C14(CAP: 1210)
Added Component: Designator=C15(CAP: 1210)
Added Component: Designator=C16(CAP: 1210)
Added Component: Designator=C17(CAP: 1210)
Added Component: Designator=C18(CAP: 1210)
Added Component: Designator=C19(CAP: 0805)
Added Component: Designator=C20(CAP: 0603)
Added Component: Designator=C21(CAP: 0603)
Added Component: Designator=C22(CAP: 0603)
Added Component: Designator=D5(DO-214AA)
Add component (AddParameter): Name = "Supplier 1"; Value = "Mouser"; VariantName = "[No Variations]"
Add component (AddParameter): Name = "Supplier Part Number 1"; Value = "652-SMBJ36A"; VariantName = "[No Variations]"
Added Component: Designator=D6(DIODE SMA)
Add component (AddParameter): Name = "Supplier 1"; Value = "Mouser"; VariantName = "[No Variations]"
Add component (AddParameter): Name = "Supplier Part Number 1"; Value = "750-CDBA3100-HF"; VariantName = "[No Variations]"
Added Component: Designator=D7(LED: 0603Y)
Added Component: Designator=D8(LED: 0603R)
Added Component: Designator=F2(FUSE: 5x20 Holder)
Added Component: Designator=FET6(TO220-3)
Add component (AddParameter): Name = "Supplier 1"; Value = "Mouser"; VariantName = "[No Variations]"
Add component (AddParameter): Name = "Supplier Part Number 1"; Value = "511-STP75NF75"; VariantName = "[No Variations]"
Added Component: Designator=FET7(TO220-3)
Add component (AddParameter): Name = "Supplier 1"; Value = "Mouser"; VariantName = "[No Variations]"
Add component (AddParameter): Name = "Supplier Part Number 1"; Value = "511-STP75NF75"; VariantName = "[No Variations]"
Added Component: Designator=FET8(TO220-3)
Add component (AddParameter): Name = "Supplier 1"; Value = "Mouser"; VariantName = "[No Variations]"
Add component (AddParameter): Name = "Supplier Part Number 1"; Value = "511-STP75NF75"; VariantName = "[No Variations]"
Added Component: Designator=FET9(TO220-3)
Add component (AddParameter): Name = "Supplier 1"; Value = "Mouser"; VariantName = "[No Variations]"
Add component (AddParameter): Name = "Supplier Part Number 1"; Value = "511-STP75NF75"; VariantName = "[No Variations]"
Added Component: Designator=FET10(TO220-3)
Add component (AddParameter): Name = "Supplier 1"; Value = "Mouser"; VariantName = "[No Variations]"
Add component (AddParameter): Name = "Supplier Part Number 1"; Value = "511-STP75NF75"; VariantName = "[No Variations]"
Added Component: Designator=HS2(HSS-B20-NP-06)
Add component (AddParameter): Name = "Supplier 1"; Value = "Mouser"; VariantName = "[No Variations]"
Add component (AddParameter): Name = "Supplier Part Number 1"; Value = "490-HSS-B20-NP-06"; VariantName = "[No Variations]"
Added Component: Designator=HS5(HSS-B20-NP-06)
Add component (AddParameter): Name = "Supplier 1"; Value = "Mouser"; VariantName = "[No Variations]"
Add component (AddParameter): Name = "Supplier Part Number 1"; Value = "490-HSS-B20-NP-06"; VariantName = "[No Variations]"
Added Component: Designator=HS6(HSS-B20-NP-06)
Add component (AddParameter): Name = "Supplier 1"; Value = "Mouser"; VariantName = "[No Variations]"
Add component (AddParameter): Name = "Supplier Part Number 1"; Value = "490-HSS-B20-NP-06"; VariantName = "[No Variations]"
Added Component: Designator=HS7(HSS-B20-NP-06)
Add component (AddParameter): Name = "Supplier 1"; Value = "Mouser"; VariantName = "[No Variations]"
Add component (AddParameter): Name = "Supplier Part Number 1"; Value = "490-HSS-B20-NP-06"; VariantName = "[No Variations]"
Added Component: Designator=HS8(HSS-B20-NP-06)
Add component (AddParameter): Name = "Supplier 1"; Value = "Mouser"; VariantName = "[No Variations]"
Add component (AddParameter): Name = "Supplier Part Number 1"; Value = "490-HSS-B20-NP-06"; VariantName = "[No Variations]"
Added Component: Designator=J4(CONN2_710002_WRE - duplicate)
Add component (AddParameter): Name = "Mfr_Name"; Value = "Wurth Electronics"; VariantName = "[No Variations]"
Add component (AddParameter): Name = "RefDes"; Value = "RefDes"; VariantName = "[No Variations]"
Add component (AddParameter): Name = "Supplier 1"; Value = "Mouser"; VariantName = "[No Variations]"
Add component (AddParameter): Name = "Supplier Part Number 1"; Value = "710-691213710002"; VariantName = "[No Variations]"
Add component (AddParameter): Name = "Type"; Value = "Type"; VariantName = "[No Variations]"
Added Component: Designator=J5(CON: PLS-6)
Added Component: Designator=J6(CONN2_710002_WRE - duplicate)
Add component (AddParameter): Name = "Mfr_Name"; Value = "Wurth Electronics"; VariantName = "[No Variations]"
Add component (AddParameter): Name = "RefDes"; Value = "RefDes"; VariantName = "[No Variations]"
Add component (AddParameter): Name = "Supplier 1"; Value = "Mouser"; VariantName = "[No Variations]"
Add component (AddParameter): Name = "Supplier Part Number 1"; Value = "710-691213710002"; VariantName = "[No Variations]"
Add component (AddParameter): Name = "Type"; Value = "Type"; VariantName = "[No Variations]"
Added Component: Designator=Q2(SOT23_3)
Add component (AddParameter): Name = "Supplier 1"; Value = "Mouser"; VariantName = "[No Variations]"
Add component (AddParameter): Name = "Supplier Part Number 1"; Value = "621-BC846B-7-F"; VariantName = "[No Variations]"
Added Component: Designator=R11(RES: 0603)
Added Component: Designator=R12(RES: 0805)
Added Component: Designator=R13(RES: 0603)
Added Component: Designator=R14(RES: 0603)
Added Component: Designator=R15(RES: 0603)
Added Component: Designator=R16(RES: 0603)
Added Component: Designator=R17(RES: 2512)
Add component (AddParameter): Name = "Supplier 1"; Value = "Mouser"; VariantName = "[No Variations]"
Add component (AddParameter): Name = "Supplier Part Number 1"; Value = "708-CSNL2512FT15L0"; VariantName = "[No Variations]"
Added Component: Designator=R18(RES: 0603)
Added Component: Designator=R19(RES: 0603)
Added Component: Designator=R20(RES: 0603)
Added Component: Designator=U2(VQFN-24)
Add component (AddParameter): Name = "Supplier 1"; Value = "Mouser"; VariantName = "[No Variations]"
Add component (AddParameter): Name = "Supplier Part Number 1"; Value = "595-DRV8701PRGER"; VariantName = "[No Variations]"
Added Pin To Net: NetName=GND Pin=C12-1
Added Pin To Net: NetName=VM_R_ Pin=C12-2
Added Pin To Net: NetName=GND Pin=C13-1
Added Pin To Net: NetName=VM_R_ Pin=C13-2
Added Pin To Net: NetName=GND Pin=C14-1
Added Pin To Net: NetName=VM_R_ Pin=C14-2
Added Pin To Net: NetName=GND Pin=C15-1
Added Pin To Net: NetName=VM_R_ Pin=C15-2
Added Pin To Net: NetName=GND Pin=C16-1
Added Pin To Net: NetName=VM_R_ Pin=C16-2
Added Pin To Net: NetName=GND Pin=C17-1
Added Pin To Net: NetName=VM_R_ Pin=C17-2
Added Pin To Net: NetName=GND Pin=C18-1
Added Pin To Net: NetName=VM_R_ Pin=C18-2
Added Pin To Net: NetName=VCP_R Pin=C19-1
Added Pin To Net: NetName=VM_R_ Pin=C19-2
Added Pin To Net: NetName=CPL_R Pin=C20-1
Added Pin To Net: NetName=CPH_R Pin=C20-2
Added Pin To Net: NetName=GND Pin=C21-1
Added Pin To Net: NetName=DVDD_R Pin=C21-2
Added Pin To Net: NetName=GND Pin=C22-1
Added Pin To Net: NetName=AVDD_R Pin=C22-2
Added Pin To Net: NetName=GND Pin=D5-1
Added Pin To Net: NetName=VB Pin=D5-2
Added Pin To Net: NetName=RP_R_E Pin=D6-1
Added Pin To Net: NetName=VB Pin=D6-2
Added Pin To Net: NetName=SNS_R Pin=D7-1
Added Pin To Net: NetName=OCP_R Pin=D7-2
Added Pin To Net: NetName=FLT_R Pin=D8-1
Added Pin To Net: NetName=NFLT_R Pin=D8-2
Added Pin To Net: NetName=Vin_R Pin=F2-1
Added Pin To Net: NetName=VB Pin=F2-2
Added Pin To Net: NetName=RP_R_C Pin=FET6-1
Added Pin To Net: NetName=VM_R_ Pin=FET6-2
Added Pin To Net: NetName=VB Pin=FET6-3
Added Pin To Net: NetName=GH1_R Pin=FET7-1
Added Pin To Net: NetName=VM_R_ Pin=FET7-2
Added Pin To Net: NetName=VR+ Pin=FET7-3
Added Pin To Net: NetName=GH2_R Pin=FET8-1
Added Pin To Net: NetName=VM_R_ Pin=FET8-2
Added Pin To Net: NetName=VR- Pin=FET8-3
Added Pin To Net: NetName=GL1_R Pin=FET9-1
Added Pin To Net: NetName=VR+ Pin=FET9-2
Added Pin To Net: NetName=SP_R Pin=FET9-3
Added Pin To Net: NetName=GL2_R Pin=FET10-1
Added Pin To Net: NetName=VR- Pin=FET10-2
Added Pin To Net: NetName=SP_R Pin=FET10-3
Added Pin To Net: NetName=GND Pin=J4-1
Added Pin To Net: NetName=Vin_R Pin=J4-2
Added Pin To Net: NetName=GND Pin=J5-1
Added Pin To Net: NetName=DVDD_R Pin=J5-2
Added Pin To Net: NetName=AVDD_R Pin=J5-3
Added Pin To Net: NetName=EN_R/IN2_R Pin=J5-4
Added Pin To Net: NetName=DIR_R/IN1_R Pin=J5-5
Added Pin To Net: NetName=SLP_R Pin=J5-6
Added Pin To Net: NetName=VR+ Pin=J6-1
Added Pin To Net: NetName=VR- Pin=J6-2
Added Pin To Net: NetName=RP_R_B Pin=Q2-1
Added Pin To Net: NetName=RP_R_E Pin=Q2-2
Added Pin To Net: NetName=RP_R_C Pin=Q2-3
Added Pin To Net: NetName=GND Pin=R11-1
Added Pin To Net: NetName=RP_R_B Pin=R11-2
Added Pin To Net: NetName=VCP_R Pin=R12-1
Added Pin To Net: NetName=RP_R_C Pin=R12-2
Added Pin To Net: NetName=NFLT_R Pin=R13-1
Added Pin To Net: NetName=DVDD_R Pin=R13-2
Added Pin To Net: NetName=FLT_R Pin=R14-1
Added Pin To Net: NetName=DVDD_R Pin=R14-2
Added Pin To Net: NetName=OCP_R Pin=R15-1
Added Pin To Net: NetName=DVDD_R Pin=R15-2
Added Pin To Net: NetName=SNS_R Pin=R16-1
Added Pin To Net: NetName=DVDD_R Pin=R16-2
Added Pin To Net: NetName=GND Pin=R17-1
Added Pin To Net: NetName=SP_R Pin=R17-2
Added Pin To Net: NetName=IDRV_R Pin=R18-1
Added Pin To Net: NetName=AVDD_R Pin=R18-2
Added Pin To Net: NetName=Vref_R Pin=R19-1
Added Pin To Net: NetName=AVDD_R Pin=R19-2
Added Pin To Net: NetName=Vref_R Pin=R20-1
Added Pin To Net: NetName=GND Pin=R20-2
Added Pin To Net: NetName=VM_R_ Pin=U2-1
Added Pin To Net: NetName=VCP_R Pin=U2-2
Added Pin To Net: NetName=CPH_R Pin=U2-3
Added Pin To Net: NetName=CPL_R Pin=U2-4
Added Pin To Net: NetName=GND Pin=U2-5
Added Pin To Net: NetName=Vref_R Pin=U2-6
Added Pin To Net: NetName=AVDD_R Pin=U2-7
Added Pin To Net: NetName=DVDD_R Pin=U2-8
Added Pin To Net: NetName=FLT_R Pin=U2-9
Added Pin To Net: NetName=SNS_R Pin=U2-10
Added Pin To Net: NetName=IDRV_R Pin=U2-12
Added Pin To Net: NetName=SLP_R Pin=U2-13
Added Pin To Net: NetName=EN_R/IN2_R Pin=U2-14
Added Pin To Net: NetName=DIR_R/IN1_R Pin=U2-15
Added Pin To Net: NetName=GND Pin=U2-16
Added Pin To Net: NetName=GH1_R Pin=U2-17
Added Pin To Net: NetName=VR+ Pin=U2-18
Added Pin To Net: NetName=GL1_R Pin=U2-19
Added Pin To Net: NetName=GND Pin=U2-20
Added Pin To Net: NetName=SP_R Pin=U2-21
Added Pin To Net: NetName=GL2_R Pin=U2-22
Added Pin To Net: NetName=VR- Pin=U2-23
Added Pin To Net: NetName=GH2_R Pin=U2-24
Added Pin To Net: NetName=GND Pin=U2-25
Added Member To Class: ClassName=Main Member=Component C12 0.1UF
Added Member To Class: ClassName=Main Member=Component C13 10UF
Added Member To Class: ClassName=Main Member=Component C14 10UF
Added Member To Class: ClassName=Main Member=Component C15 10UF
Added Member To Class: ClassName=Main Member=Component C16 10UF
Added Member To Class: ClassName=Main Member=Component C17 10UF
Added Member To Class: ClassName=Main Member=Component C18 10UF
Added Member To Class: ClassName=Main Member=Component C19 1UF
Added Member To Class: ClassName=Main Member=Component C20 0.1UF
Added Member To Class: ClassName=Main Member=Component C21 1UF
Added Member To Class: ClassName=Main Member=Component C22 1UF
Add Class Member: Failed to add class member : Component D4 RED
Added Member To Class: ClassName=Main Member=Component D5 SMBJ36A
Added Member To Class: ClassName=Main Member=Component D6 CDBA3100-HF
Added Member To Class: ClassName=Main Member=Component D7 YELLOW
Added Member To Class: ClassName=Main Member=Component D8 RED
Added Member To Class: ClassName=Main Member=Component F2 FUSE 5x20 Holder
Added Member To Class: ClassName=Main Member=Component FET6 STP75NF75
Added Member To Class: ClassName=Main Member=Component FET7 STP75NF75
Added Member To Class: ClassName=Main Member=Component FET8 STP75NF75
Added Member To Class: ClassName=Main Member=Component FET9 STP75NF75
Added Member To Class: ClassName=Main Member=Component FET10 STP75NF75
Added Member To Class: ClassName=Main Member=Component HS5 HSS-B20-NP-06
Added Member To Class: ClassName=Main Member=Component HS6 HSS-B20-NP-06
Added Member To Class: ClassName=Main Member=Component HS7 HSS-B20-NP-06
Added Member To Class: ClassName=Main Member=Component HS8 HSS-B20-NP-06
Add Class Member: Failed to add class member : Component HS9 HSS-B20-NP-06
Add Class Member: Failed to add class member : Component HS10 HSS-B20-NP-06
Add Class Member: Failed to add class member : Component J1 2POS
Added Member To Class: ClassName=Main Member=Component J4 2POS
Added Member To Class: ClassName=Main Member=Component J5 CONN 6_HF
Added Member To Class: ClassName=Main Member=Component J6 2POS
Added Member To Class: ClassName=Main Member=Component Q2 BC846B-7-F
Added Member To Class: ClassName=Main Member=Component R11 43K
Added Member To Class: ClassName=Main Member=Component R12 10K
Added Member To Class: ClassName=Main Member=Component R13 10K
Added Member To Class: ClassName=Main Member=Component R14 10K
Added Member To Class: ClassName=Main Member=Component R15 10K
Added Member To Class: ClassName=Main Member=Component R16 10K
Added Member To Class: ClassName=Main Member=Component R17 15mOhm
Added Member To Class: ClassName=Main Member=Component R18 68K
Added Member To Class: ClassName=Main Member=Component R19 2K
Added Member To Class: ClassName=Main Member=Component R20 3.3K
Added Member To Class: ClassName=Main Member=Component U2 DRV8701PRGER
