Add component: Footprint Not Found CAP: 0603
Add component: Footprint Not Found CAP: 1210
Add component: Footprint Not Found CAP: 1210
Add component: Footprint Not Found CAP: 1210
Add component: Footprint Not Found CAP: 1210
Add component: Footprint Not Found CAP: 1210
Add component: Footprint Not Found CAP: 0603
Add component: Footprint Not Found CAP: 0603
Add component: Footprint Not Found CAP: 0603
Add component: Footprint Not Found CAP: 0603
Add component: Footprint Not Found CAP: 0603
Add component: Footprint Not Found CAP: 1210
Add component: Footprint Not Found CAP: 1210
Add component: Footprint Not Found CAP: 1210
Add component: Footprint Not Found CAP: 1210
Add component: Footprint Not Found CAP: 1210
Add component: Footprint Not Found CAP: 0603
Add component: Footprint Not Found CAP: 0603
Add component: Footprint Not Found CAP: 0603
Add component: Footprint Not Found CAP: 0603
Add component: Footprint Not Found DIODE SMA
Add component: Footprint Not Found DO-214AA
Add component: Footprint Not Found LED: 0603Y
Add component: Footprint Not Found LED: 0603R
Add component: Footprint Not Found DO-214AA
Add component: Footprint Not Found DIODE SMA
Add component: Footprint Not Found LED: 0603Y
Add component: Footprint Not Found LED: 0603R
Add component: Footprint Not Found FUSE: 5x20 Holder
Add component: Footprint Not Found FUSE: 5x20 Holder
Add component: Footprint Not Found TO220-3
Add component: Footprint Not Found TO220-3
Add component: Footprint Not Found TO220-3
Add component: Footprint Not Found TO220-3
Add component: Footprint Not Found TO220-3
Add component: Footprint Not Found TO220-3
Add component: Footprint Not Found TO220-3
Add component: Footprint Not Found TO220-3
Add component: Footprint Not Found TO220-3
Add component: Footprint Not Found TO220-3
Add component: Footprint Not Found HSS-B20-NP-06
Add component: Footprint Not Found HSS-B20-NP-06
Add component: Footprint Not Found HSS-B20-NP-06
Add component: Footprint Not Found HSS-B20-NP-06
Add component: Footprint Not Found HSS-B20-NP-06
Add component: Footprint Not Found HSS-B20-NP-06
Add component: Footprint Not Found HSS-B20-NP-06
Add component: Footprint Not Found HSS-B20-NP-06
Add component: Footprint Not Found HSS-B20-NP-06
Add component: Footprint Not Found HSS-B20-NP-06
Add component: Footprint Not Found CONN2_710002_WRE - duplicate
Add component: Footprint Not Found CONN2_710002_WRE - duplicate
Add component: Footprint Not Found CON: PLS-5
Add component: Footprint Not Found CONN2_710002_WRE - duplicate
Add component: Footprint Not Found CON: PLS-5
Add component: Footprint Not Found CONN2_710002_WRE - duplicate
Add component: Footprint Not Found M3 Mounting Hole
Add component: Footprint Not Found M3 Mounting Hole
Add component: Footprint Not Found M3 Mounting Hole
Add component: Footprint Not Found M3 Mounting Hole
Add component: Footprint Not Found SOT23_3
Add component: Footprint Not Found SOT23_3
Add component: Footprint Not Found RES: 0603
Add component: Footprint Not Found RES: 0603
Add component: Footprint Not Found RES: 0603
Add component: Footprint Not Found RES: 0603
Add component: Footprint Not Found RES: 0603
Add component: Footprint Not Found RES: 0603
Add component: Footprint Not Found RES: 2512
Add component: Footprint Not Found RES: 0603
Add component: Footprint Not Found RES: 0603
Add component: Footprint Not Found RES: 0603
Add component: Footprint Not Found RES: 0603
Add component: Footprint Not Found RES: 0603
Add component: Footprint Not Found RES: 0603
Add component: Footprint Not Found RES: 0603
Add component: Footprint Not Found RES: 0603
Add component: Footprint Not Found RES: 0603
Add component: Footprint Not Found RES: 2512
Add component: Footprint Not Found RES: 0603
Add component: Footprint Not Found RES: 0603
Add component: Footprint Not Found RES: 0603
Add component: Footprint Not Found VQFN-24
Add component: Footprint Not Found VQFN-24
Add Pin To Net: Unknown Pin: Pin C1-1
Add Pin To Net: Unknown Pin: Pin C1-2
Add Pin To Net: Unknown Pin: Pin C2-1
Add Pin To Net: Unknown Pin: Pin C2-2
Add Pin To Net: Unknown Pin: Pin C3-1
Add Pin To Net: Unknown Pin: Pin C3-2
Add Pin To Net: Unknown Pin: Pin C4-1
Add Pin To Net: Unknown Pin: Pin C4-2
Add Pin To Net: Unknown Pin: Pin C5-1
Add Pin To Net: Unknown Pin: Pin C5-2
Add Pin To Net: Unknown Pin: Pin C6-1
Add Pin To Net: Unknown Pin: Pin C6-2
Add Pin To Net: Unknown Pin: Pin C7-1
Add Pin To Net: Unknown Pin: Pin C7-2
Add Pin To Net: Unknown Pin: Pin C8-1
Add Pin To Net: Unknown Pin: Pin C8-2
Add Pin To Net: Unknown Pin: Pin C9-1
Add Pin To Net: Unknown Pin: Pin C9-2
Add Pin To Net: Unknown Pin: Pin C10-1
Add Pin To Net: Unknown Pin: Pin C10-2
Add Pin To Net: Unknown Pin: Pin C11-1
Add Pin To Net: Unknown Pin: Pin C11-2
Add Pin To Net: Unknown Pin: Pin C12-1
Add Pin To Net: Unknown Pin: Pin C12-2
Add Pin To Net: Unknown Pin: Pin C13-1
Add Pin To Net: Unknown Pin: Pin C13-2
Add Pin To Net: Unknown Pin: Pin C14-1
Add Pin To Net: Unknown Pin: Pin C14-2
Add Pin To Net: Unknown Pin: Pin C15-1
Add Pin To Net: Unknown Pin: Pin C15-2
Add Pin To Net: Unknown Pin: Pin C16-1
Add Pin To Net: Unknown Pin: Pin C16-2
Add Pin To Net: Unknown Pin: Pin C17-1
Add Pin To Net: Unknown Pin: Pin C17-2
Add Pin To Net: Unknown Pin: Pin C18-1
Add Pin To Net: Unknown Pin: Pin C18-2
Add Pin To Net: Unknown Pin: Pin C19-1
Add Pin To Net: Unknown Pin: Pin C19-2
Add Pin To Net: Unknown Pin: Pin C20-1
Add Pin To Net: Unknown Pin: Pin C20-2
Add Pin To Net: Unknown Pin: Pin D1-1
Add Pin To Net: Unknown Pin: Pin D1-2
Add Pin To Net: Unknown Pin: Pin D2-1
Add Pin To Net: Unknown Pin: Pin D2-2
Add Pin To Net: Unknown Pin: Pin D3-1
Add Pin To Net: Unknown Pin: Pin D3-2
Add Pin To Net: Unknown Pin: Pin D4-1
Add Pin To Net: Unknown Pin: Pin D4-2
Add Pin To Net: Unknown Pin: Pin D5-1
Add Pin To Net: Unknown Pin: Pin D5-2
Add Pin To Net: Unknown Pin: Pin D6-1
Add Pin To Net: Unknown Pin: Pin D6-2
Add Pin To Net: Unknown Pin: Pin D7-1
Add Pin To Net: Unknown Pin: Pin D7-2
Add Pin To Net: Unknown Pin: Pin D8-1
Add Pin To Net: Unknown Pin: Pin D8-2
Add Pin To Net: Unknown Pin: Pin F1-1
Add Pin To Net: Unknown Pin: Pin F1-2
Add Pin To Net: Unknown Pin: Pin F2-1
Add Pin To Net: Unknown Pin: Pin F2-2
Add Pin To Net: Unknown Pin: Pin FET1-1
Add Pin To Net: Unknown Pin: Pin FET1-2
Add Pin To Net: Unknown Pin: Pin FET1-3
Add Pin To Net: Unknown Pin: Pin FET2-1
Add Pin To Net: Unknown Pin: Pin FET2-2
Add Pin To Net: Unknown Pin: Pin FET2-3
Add Pin To Net: Unknown Pin: Pin FET3-1
Add Pin To Net: Unknown Pin: Pin FET3-2
Add Pin To Net: Unknown Pin: Pin FET3-3
Add Pin To Net: Unknown Pin: Pin FET4-1
Add Pin To Net: Unknown Pin: Pin FET4-2
Add Pin To Net: Unknown Pin: Pin FET4-3
Add Pin To Net: Unknown Pin: Pin FET5-1
Add Pin To Net: Unknown Pin: Pin FET5-2
Add Pin To Net: Unknown Pin: Pin FET5-3
Add Pin To Net: Unknown Pin: Pin FET6-1
Add Pin To Net: Unknown Pin: Pin FET6-2
Add Pin To Net: Unknown Pin: Pin FET6-3
Add Pin To Net: Unknown Pin: Pin FET7-1
Add Pin To Net: Unknown Pin: Pin FET7-2
Add Pin To Net: Unknown Pin: Pin FET7-3
Add Pin To Net: Unknown Pin: Pin FET8-1
Add Pin To Net: Unknown Pin: Pin FET8-2
Add Pin To Net: Unknown Pin: Pin FET8-3
Add Pin To Net: Unknown Pin: Pin FET9-1
Add Pin To Net: Unknown Pin: Pin FET9-2
Add Pin To Net: Unknown Pin: Pin FET9-3
Add Pin To Net: Unknown Pin: Pin FET10-1
Add Pin To Net: Unknown Pin: Pin FET10-2
Add Pin To Net: Unknown Pin: Pin FET10-3
Add Pin To Net: Unknown Pin: Pin J1-1
Add Pin To Net: Unknown Pin: Pin J1-2
Add Pin To Net: Unknown Pin: Pin J2-1
Add Pin To Net: Unknown Pin: Pin J2-2
Add Pin To Net: Unknown Pin: Pin J3-1
Add Pin To Net: Unknown Pin: Pin J3-2
Add Pin To Net: Unknown Pin: Pin J3-3
Add Pin To Net: Unknown Pin: Pin J3-4
Add Pin To Net: Unknown Pin: Pin J3-5
Add Pin To Net: Unknown Pin: Pin J4-1
Add Pin To Net: Unknown Pin: Pin J4-2
Add Pin To Net: Unknown Pin: Pin J5-1
Add Pin To Net: Unknown Pin: Pin J5-2
Add Pin To Net: Unknown Pin: Pin J5-3
Add Pin To Net: Unknown Pin: Pin J5-4
Add Pin To Net: Unknown Pin: Pin J5-5
Add Pin To Net: Unknown Pin: Pin J6-1
Add Pin To Net: Unknown Pin: Pin J6-2
Add Pin To Net: Unknown Pin: Pin MH1-1
Add Pin To Net: Unknown Pin: Pin MH2-1
Add Pin To Net: Unknown Pin: Pin MH3-1
Add Pin To Net: Unknown Pin: Pin MH4-1
Add Pin To Net: Unknown Pin: Pin Q1-1
Add Pin To Net: Unknown Pin: Pin Q1-2
Add Pin To Net: Unknown Pin: Pin Q1-3
Add Pin To Net: Unknown Pin: Pin Q2-1
Add Pin To Net: Unknown Pin: Pin Q2-2
Add Pin To Net: Unknown Pin: Pin Q2-3
Add Pin To Net: Unknown Pin: Pin R1-1
Add Pin To Net: Unknown Pin: Pin R1-2
Add Pin To Net: Unknown Pin: Pin R2-1
Add Pin To Net: Unknown Pin: Pin R2-2
Add Pin To Net: Unknown Pin: Pin R3-1
Add Pin To Net: Unknown Pin: Pin R3-2
Add Pin To Net: Unknown Pin: Pin R4-1
Add Pin To Net: Unknown Pin: Pin R4-2
Add Pin To Net: Unknown Pin: Pin R5-1
Add Pin To Net: Unknown Pin: Pin R5-2
Add Pin To Net: Unknown Pin: Pin R6-1
Add Pin To Net: Unknown Pin: Pin R6-2
Add Pin To Net: Unknown Pin: Pin R7-1
Add Pin To Net: Unknown Pin: Pin R7-2
Add Pin To Net: Unknown Pin: Pin R8-1
Add Pin To Net: Unknown Pin: Pin R8-2
Add Pin To Net: Unknown Pin: Pin R9-1
Add Pin To Net: Unknown Pin: Pin R9-2
Add Pin To Net: Unknown Pin: Pin R10-1
Add Pin To Net: Unknown Pin: Pin R10-2
Add Pin To Net: Unknown Pin: Pin R11-1
Add Pin To Net: Unknown Pin: Pin R11-2
Add Pin To Net: Unknown Pin: Pin R12-1
Add Pin To Net: Unknown Pin: Pin R12-2
Add Pin To Net: Unknown Pin: Pin R13-1
Add Pin To Net: Unknown Pin: Pin R13-2
Add Pin To Net: Unknown Pin: Pin R14-1
Add Pin To Net: Unknown Pin: Pin R14-2
Add Pin To Net: Unknown Pin: Pin R15-1
Add Pin To Net: Unknown Pin: Pin R15-2
Add Pin To Net: Unknown Pin: Pin R16-1
Add Pin To Net: Unknown Pin: Pin R16-2
Add Pin To Net: Unknown Pin: Pin R17-1
Add Pin To Net: Unknown Pin: Pin R17-2
Add Pin To Net: Unknown Pin: Pin R18-1
Add Pin To Net: Unknown Pin: Pin R18-2
Add Pin To Net: Unknown Pin: Pin R19-1
Add Pin To Net: Unknown Pin: Pin R19-2
Add Pin To Net: Unknown Pin: Pin R20-1
Add Pin To Net: Unknown Pin: Pin R20-2
Add Pin To Net: Unknown Pin: Pin U1-1
Add Pin To Net: Unknown Pin: Pin U1-2
Add Pin To Net: Unknown Pin: Pin U1-3
Add Pin To Net: Unknown Pin: Pin U1-4
Add Pin To Net: Unknown Pin: Pin U1-5
Add Pin To Net: Unknown Pin: Pin U1-6
Add Pin To Net: Unknown Pin: Pin U1-7
Add Pin To Net: Unknown Pin: Pin U1-8
Add Pin To Net: Unknown Pin: Pin U1-9
Add Pin To Net: Unknown Pin: Pin U1-10
Add Pin To Net: Unknown Pin: Pin U1-12
Add Pin To Net: Unknown Pin: Pin U1-13
Add Pin To Net: Unknown Pin: Pin U1-14
Add Pin To Net: Unknown Pin: Pin U1-15
Add Pin To Net: Unknown Pin: Pin U1-16
Add Pin To Net: Unknown Pin: Pin U1-17
Add Pin To Net: Unknown Pin: Pin U1-18
Add Pin To Net: Unknown Pin: Pin U1-19
Add Pin To Net: Unknown Pin: Pin U1-20
Add Pin To Net: Unknown Pin: Pin U1-21
Add Pin To Net: Unknown Pin: Pin U1-22
Add Pin To Net: Unknown Pin: Pin U1-23
Add Pin To Net: Unknown Pin: Pin U1-24
Add Pin To Net: Unknown Pin: Pin U1-25
Add Pin To Net: Unknown Pin: Pin U2-1
Add Pin To Net: Unknown Pin: Pin U2-2
Add Pin To Net: Unknown Pin: Pin U2-3
Add Pin To Net: Unknown Pin: Pin U2-4
Add Pin To Net: Unknown Pin: Pin U2-5
Add Pin To Net: Unknown Pin: Pin U2-6
Add Pin To Net: Unknown Pin: Pin U2-7
Add Pin To Net: Unknown Pin: Pin U2-8
Add Pin To Net: Unknown Pin: Pin U2-9
Add Pin To Net: Unknown Pin: Pin U2-10
Add Pin To Net: Unknown Pin: Pin U2-12
Add Pin To Net: Unknown Pin: Pin U2-13
Add Pin To Net: Unknown Pin: Pin U2-14
Add Pin To Net: Unknown Pin: Pin U2-15
Add Pin To Net: Unknown Pin: Pin U2-16
Add Pin To Net: Unknown Pin: Pin U2-17
Add Pin To Net: Unknown Pin: Pin U2-18
Add Pin To Net: Unknown Pin: Pin U2-19
Add Pin To Net: Unknown Pin: Pin U2-20
Add Pin To Net: Unknown Pin: Pin U2-21
Add Pin To Net: Unknown Pin: Pin U2-22
Add Pin To Net: Unknown Pin: Pin U2-23
Add Pin To Net: Unknown Pin: Pin U2-24
Add Pin To Net: Unknown Pin: Pin U2-25
Add Class Member: Failed to add class member : Component C1 0.1UF
Add Class Member: Failed to add class member : Component C2 10UF
Add Class Member: Failed to add class member : Component C3 10UF
Add Class Member: Failed to add class member : Component C4 10UF
Add Class Member: Failed to add class member : Component C5 10UF
Add Class Member: Failed to add class member : Component C6 10UF
Add Class Member: Failed to add class member : Component C7 1UF
Add Class Member: Failed to add class member : Component C8 0.1UF
Add Class Member: Failed to add class member : Component C9 1UF
Add Class Member: Failed to add class member : Component C10 1UF
Add Class Member: Failed to add class member : Component C11 0.1UF
Add Class Member: Failed to add class member : Component C12 10UF
Add Class Member: Failed to add class member : Component C13 10UF
Add Class Member: Failed to add class member : Component C14 10UF
Add Class Member: Failed to add class member : Component C15 10UF
Add Class Member: Failed to add class member : Component C16 10UF
Add Class Member: Failed to add class member : Component C17 1UF
Add Class Member: Failed to add class member : Component C18 0.1UF
Add Class Member: Failed to add class member : Component C19 1UF
Add Class Member: Failed to add class member : Component C20 1UF
Add Class Member: Failed to add class member : Component D1 CDBA3100-HF
Add Class Member: Failed to add class member : Component D2 SMBJ36A
Add Class Member: Failed to add class member : Component D3 YELLOW
Add Class Member: Failed to add class member : Component D4 RED
Add Class Member: Failed to add class member : Component D5 SMBJ36A
Add Class Member: Failed to add class member : Component D6 CDBA3100-HF
Add Class Member: Failed to add class member : Component D7 YELLOW
Add Class Member: Failed to add class member : Component D8 RED
Add Class Member: Failed to add class member : Component F1 FUSE 5x20 Holder
Add Class Member: Failed to add class member : Component F2 FUSE 5x20 Holder
Add Class Member: Failed to add class member : Component FET1 STP75NF75
Add Class Member: Failed to add class member : Component FET2 STP75NF75
Add Class Member: Failed to add class member : Component FET3 STP75NF75
Add Class Member: Failed to add class member : Component FET4 STP75NF75
Add Class Member: Failed to add class member : Component FET5 STP75NF75
Add Class Member: Failed to add class member : Component FET6 STP75NF75
Add Class Member: Failed to add class member : Component FET7 STP75NF75
Add Class Member: Failed to add class member : Component FET8 STP75NF75
Add Class Member: Failed to add class member : Component FET9 STP75NF75
Add Class Member: Failed to add class member : Component FET10 STP75NF75
Add Class Member: Failed to add class member : Component HS1 HSS-B20-NP-06
Add Class Member: Failed to add class member : Component HS2 HSS-B20-NP-06
Add Class Member: Failed to add class member : Component HS3 HSS-B20-NP-06
Add Class Member: Failed to add class member : Component HS4 HSS-B20-NP-06
Add Class Member: Failed to add class member : Component HS5 HSS-B20-NP-06
Add Class Member: Failed to add class member : Component HS6 HSS-B20-NP-06
Add Class Member: Failed to add class member : Component HS7 HSS-B20-NP-06
Add Class Member: Failed to add class member : Component HS8 HSS-B20-NP-06
Add Class Member: Failed to add class member : Component HS9 HSS-B20-NP-06
Add Class Member: Failed to add class member : Component HS10 HSS-B20-NP-06
Add Class Member: Failed to add class member : Component J1 2POS
Add Class Member: Failed to add class member : Component J2 2POS
Add Class Member: Failed to add class member : Component J3 CONN 5
Add Class Member: Failed to add class member : Component J4 2POS
Add Class Member: Failed to add class member : Component J5 CONN 5
Add Class Member: Failed to add class member : Component J6 2POS
Add Class Member: Failed to add class member : Component MH1 M3
Add Class Member: Failed to add class member : Component MH2 M3
Add Class Member: Failed to add class member : Component MH3 M3
Add Class Member: Failed to add class member : Component MH4 M3
Add Class Member: Failed to add class member : Component Q1 BC846B-7-F
Add Class Member: Failed to add class member : Component Q2 BC846B-7-F
Add Class Member: Failed to add class member : Component R1 43K
Add Class Member: Failed to add class member : Component R2 10K
Add Class Member: Failed to add class member : Component R3 10K
Add Class Member: Failed to add class member : Component R4 10K
Add Class Member: Failed to add class member : Component R5 10K
Add Class Member: Failed to add class member : Component R6 10K
Add Class Member: Failed to add class member : Component R7 15mOhm
Add Class Member: Failed to add class member : Component R8 68K
Add Class Member: Failed to add class member : Component R9 2K
Add Class Member: Failed to add class member : Component R10 3.3K
Add Class Member: Failed to add class member : Component R11 43K
Add Class Member: Failed to add class member : Component R12 10K
Add Class Member: Failed to add class member : Component R13 10K
Add Class Member: Failed to add class member : Component R14 10K
Add Class Member: Failed to add class member : Component R15 10K
Add Class Member: Failed to add class member : Component R16 10K
Add Class Member: Failed to add class member : Component R17 15mOhm
Add Class Member: Failed to add class member : Component R18 68K
Add Class Member: Failed to add class member : Component R19 2K
Add Class Member: Failed to add class member : Component R20 3.3K
Add Class Member: Failed to add class member : Component U1 DRV8701PRGER
Add Class Member: Failed to add class member : Component U2 DRV8701PRGER
