
Importing D:\Proffesional\Learning\Motor Driver\Design Files\Smart_Drive\PDNAnalyzer_Output\DriveBoard\PDN_Drive\odb.tgz... [Fri Jun 20 23:28:12 2025]
============================================================
Reading ODB++ database ...

Reading file odb/misc/info...
Reading file odb/matrix/matrix...
Reading file odb/steps/pcb/profile...
Reading file odb/steps/pcb/eda/data...
Origin of ODB++ database:  Altium Designer file - Version 1.0.0.30000
WARNING: Ignoring I(16 time(s))
eda data: 18 packages, 56 nets.
Reading file odb/steps/pcb/layers/top_solder/features...
228 SWHs on layer TOP_SOLDER

Reading file odb/steps/pcb/layers/top_layer/features...
1110 SWHs on layer TOP_LAYER

Reading file odb/steps/pcb/layers/dielectric_1/features...
0 SWHs on layer DIELECTRIC_1

Reading file odb/steps/pcb/layers/bottom_layer/features...
718 SWHs on layer BOTTOM_LAYER

Reading file odb/steps/pcb/layers/bottom_solder/features...
72 SWHs on layer BOTTOM_SOLDER

Reading file odb/steps/pcb/layers/top_solder/attrlist...
Reading file odb/steps/pcb/layers/top_layer/attrlist...
Reading file odb/steps/pcb/layers/dielectric_1/attrlist...
Reading file odb/steps/pcb/layers/bottom_layer/attrlist...
Reading file odb/steps/pcb/layers/bottom_solder/attrlist...
WARNING: material values were set to default due to missing information for the following layers:  'TOP_SOLDER', 'TOP_LAYER', 'DIELECTRIC_1', 'BOTTOM_LAYER', 'BOTTOM_SOLDER'
parsing drills TOP_LAYER-BOTTOM_LAYER
Reading file odb/steps/pcb/layers/drill_plated_bottom_layer-top_layer/features...
Reading file odb/steps/pcb/layers/comp_+_top/components...
INFO: 13 duplicate vertices ignored
========================================
INFO: Created CSV file (D:\Proffesional\Learning\Motor Driver\Design Files\Smart_Drive\PDNAnalyzer_Output\DriveBoard\PDN_Drive\Results\tmp\design.csv) with component properties extracted from ODB++ file.
========================================
========================================
Lumped-element import (D:\Proffesional\Learning\Motor Driver\Design Files\Smart_Drive\PDNAnalyzer_Output\DriveBoard\PDN_Drive\Results\tmp\design.csv)...
Detected ' ; ' as separator.

Value-string translations:
	0.1UF ->  99.99999999999999 nF (C)
	10K ->  10.0 kOhms (R)
	10UF ->  10.0 uF (C)
	15mOhm ->  15.0 mOhms (R)
	1UF ->  1.0 uF (C)
	2K ->  2.0 kOhms (R)
	3.3K ->  3.3 kOhms (R)
	43K ->  43.0 kOhms (R)
	68K ->  68.0 kOhms (R)
WARNING: column header(s) 'type', 'refdes' found multiple times (taking the first one)
========================================
WARNING: There were some warnings while importing the auto-generated CSV-file 'D:\Proffesional\Learning\Motor Driver\Design Files\Smart_Drive\PDNAnalyzer_Output\DriveBoard\PDN_Drive\Results\tmp\design.csv'. Please review the auto-generated file under Parts Editor->Load (csv).
========================================
Unifying library padstacks...
Finished reading database.
============================================================
